[INFO] - 2020-06-04 15:19:58,151 - root - : Hi, This is Ultron. Nice to meet you!!! in /home/ubuntu/github/ultron-vision/utils/config.py:97
[INFO] - 2020-06-04 15:19:58,151 - root - : Saving Configuration in /home/ubuntu/github/ultron-vision/utils/config.py:98
[INFO] - 2020-06-04 15:19:58,151 - root - : Configurations are successfully processed and dirs are created. in /home/ubuntu/github/ultron-vision/utils/config.py:101
[INFO] - 2020-06-04 15:19:58,151 - root - : The pipeline of the project will begin now. in /home/ubuntu/github/ultron-vision/utils/config.py:102
[INFO] - 2020-06-04 15:19:58,152 - Agent - : TRAINING MODE ACTIVATED!!! in /home/ubuntu/github/ultron-vision/agents/cifar10_agent.py:30
[INFO] - 2020-06-04 15:20:02,346 - Agent - : Program will RUN on ****GPU-CUDA**** in /home/ubuntu/github/ultron-vision/agents/cifar10_agent.py:92
[INFO] - 2020-06-04 15:20:02,346 - Cuda Statistics - : __Python VERSION : 3.7.6 (default, Jan  8 2020, 19:59:22) 
[GCC 7.3.0] in /home/ubuntu/github/ultron-vision/utils/misc.py:71
[INFO] - 2020-06-04 15:20:02,346 - Cuda Statistics - : __pytorch VERSION : 1.5.0 in /home/ubuntu/github/ultron-vision/utils/misc.py:72
[INFO] - 2020-06-04 15:20:02,347 - Cuda Statistics - : __CUDNN VERSION : 7605 in /home/ubuntu/github/ultron-vision/utils/misc.py:75
[INFO] - 2020-06-04 15:20:02,347 - Cuda Statistics - : __Number CUDA Devices : 1 in /home/ubuntu/github/ultron-vision/utils/misc.py:76
[INFO] - 2020-06-04 15:20:02,347 - Cuda Statistics - : __Devices in /home/ubuntu/github/ultron-vision/utils/misc.py:77
[INFO] - 2020-06-04 15:20:02,397 - Cuda Statistics - : Active CUDA Device : GPU 0 in /home/ubuntu/github/ultron-vision/utils/misc.py:79
[INFO] - 2020-06-04 15:20:02,398 - Cuda Statistics - : Available devices 1 in /home/ubuntu/github/ultron-vision/utils/misc.py:80
[INFO] - 2020-06-04 15:20:02,398 - Cuda Statistics - : Current CUDA device 0 in /home/ubuntu/github/ultron-vision/utils/misc.py:81
[INFO] - 2020-06-04 15:20:31,433 - Agent - : TRAIN EPOCH : 0	LOSS : 0.0656	ACC : 35.2820 in /home/ubuntu/github/ultron-vision/agents/cifar10_agent.py:216
[INFO] - 2020-06-04 15:20:34,521 - Agent - : Saved Best Model in /home/ubuntu/github/ultron-vision/agents/cifar10_agent.py:255
[INFO] - 2020-06-04 15:20:34,521 - Agent - : VALID EPOCH : 0	LOSS : 0.0114	ACC : 47.6300 in /home/ubuntu/github/ultron-vision/agents/cifar10_agent.py:261
[INFO] - 2020-06-04 15:21:02,168 - Agent - : TRAIN EPOCH : 1	LOSS : 0.0575	ACC : 45.8740 in /home/ubuntu/github/ultron-vision/agents/cifar10_agent.py:216
[INFO] - 2020-06-04 15:21:06,215 - Agent - : Saved Best Model in /home/ubuntu/github/ultron-vision/agents/cifar10_agent.py:255
[INFO] - 2020-06-04 15:21:06,216 - Agent - : VALID EPOCH : 1	LOSS : 0.0098	ACC : 56.0100 in /home/ubuntu/github/ultron-vision/agents/cifar10_agent.py:261
[INFO] - 2020-06-04 15:21:34,001 - Agent - : TRAIN EPOCH : 2	LOSS : 0.0523	ACC : 52.4060 in /home/ubuntu/github/ultron-vision/agents/cifar10_agent.py:216
[INFO] - 2020-06-04 15:21:39,448 - Agent - : Saved Best Model in /home/ubuntu/github/ultron-vision/agents/cifar10_agent.py:255
[INFO] - 2020-06-04 15:21:39,449 - Agent - : VALID EPOCH : 2	LOSS : 0.0086	ACC : 63.7600 in /home/ubuntu/github/ultron-vision/agents/cifar10_agent.py:261
[INFO] - 2020-06-04 15:22:07,077 - Agent - : TRAIN EPOCH : 3	LOSS : 0.0484	ACC : 57.1540 in /home/ubuntu/github/ultron-vision/agents/cifar10_agent.py:216
[INFO] - 2020-06-04 15:22:09,155 - Agent - : VALID EPOCH : 3	LOSS : 0.0097	ACC : 57.8100 in /home/ubuntu/github/ultron-vision/agents/cifar10_agent.py:261
[INFO] - 2020-06-04 15:22:36,932 - Agent - : TRAIN EPOCH : 4	LOSS : 0.0459	ACC : 60.2100 in /home/ubuntu/github/ultron-vision/agents/cifar10_agent.py:216
[INFO] - 2020-06-04 15:22:43,519 - Agent - : Saved Best Model in /home/ubuntu/github/ultron-vision/agents/cifar10_agent.py:255
[INFO] - 2020-06-04 15:22:43,520 - Agent - : VALID EPOCH : 4	LOSS : 0.0065	ACC : 71.3800 in /home/ubuntu/github/ultron-vision/agents/cifar10_agent.py:261
[INFO] - 2020-06-04 15:23:10,999 - Agent - : TRAIN EPOCH : 5	LOSS : 0.0437	ACC : 62.8140 in /home/ubuntu/github/ultron-vision/agents/cifar10_agent.py:216
[INFO] - 2020-06-04 15:23:13,115 - Agent - : VALID EPOCH : 5	LOSS : 0.0078	ACC : 68.0700 in /home/ubuntu/github/ultron-vision/agents/cifar10_agent.py:261
[INFO] - 2020-06-04 15:23:40,513 - Agent - : TRAIN EPOCH : 6	LOSS : 0.0423	ACC : 64.3060 in /home/ubuntu/github/ultron-vision/agents/cifar10_agent.py:216
[INFO] - 2020-06-04 15:23:47,882 - Agent - : Saved Best Model in /home/ubuntu/github/ultron-vision/agents/cifar10_agent.py:255
[INFO] - 2020-06-04 15:23:47,883 - Agent - : VALID EPOCH : 6	LOSS : 0.0057	ACC : 75.2400 in /home/ubuntu/github/ultron-vision/agents/cifar10_agent.py:261
[INFO] - 2020-06-04 15:24:15,094 - Agent - : TRAIN EPOCH : 7	LOSS : 0.0407	ACC : 66.3380 in /home/ubuntu/github/ultron-vision/agents/cifar10_agent.py:216
[INFO] - 2020-06-04 15:24:17,015 - Agent - : VALID EPOCH : 7	LOSS : 0.0062	ACC : 73.9700 in /home/ubuntu/github/ultron-vision/agents/cifar10_agent.py:261
[INFO] - 2020-06-04 15:24:44,482 - Agent - : TRAIN EPOCH : 8	LOSS : 0.0398	ACC : 67.2740 in /home/ubuntu/github/ultron-vision/agents/cifar10_agent.py:216
[INFO] - 2020-06-04 15:24:53,633 - Agent - : Saved Best Model in /home/ubuntu/github/ultron-vision/agents/cifar10_agent.py:255
[INFO] - 2020-06-04 15:24:53,635 - Agent - : VALID EPOCH : 8	LOSS : 0.0058	ACC : 75.9000 in /home/ubuntu/github/ultron-vision/agents/cifar10_agent.py:261
[INFO] - 2020-06-04 15:25:21,874 - Agent - : TRAIN EPOCH : 9	LOSS : 0.0387	ACC : 68.7920 in /home/ubuntu/github/ultron-vision/agents/cifar10_agent.py:216
[INFO] - 2020-06-04 15:25:31,896 - Agent - : Saved Best Model in /home/ubuntu/github/ultron-vision/agents/cifar10_agent.py:255
[INFO] - 2020-06-04 15:25:31,897 - Agent - : VALID EPOCH : 9	LOSS : 0.0057	ACC : 75.9400 in /home/ubuntu/github/ultron-vision/agents/cifar10_agent.py:261
[INFO] - 2020-06-04 15:25:59,014 - Agent - : TRAIN EPOCH : 10	LOSS : 0.0379	ACC : 69.4340 in /home/ubuntu/github/ultron-vision/agents/cifar10_agent.py:216
[INFO] - 2020-06-04 15:26:09,177 - Agent - : Saved Best Model in /home/ubuntu/github/ultron-vision/agents/cifar10_agent.py:255
[INFO] - 2020-06-04 15:26:09,177 - Agent - : VALID EPOCH : 10	LOSS : 0.0055	ACC : 76.6400 in /home/ubuntu/github/ultron-vision/agents/cifar10_agent.py:261
[INFO] - 2020-06-04 15:26:36,517 - Agent - : TRAIN EPOCH : 11	LOSS : 0.0372	ACC : 70.2020 in /home/ubuntu/github/ultron-vision/agents/cifar10_agent.py:216
[INFO] - 2020-06-04 15:26:46,729 - Agent - : Saved Best Model in /home/ubuntu/github/ultron-vision/agents/cifar10_agent.py:255
[INFO] - 2020-06-04 15:26:46,730 - Agent - : VALID EPOCH : 11	LOSS : 0.0048	ACC : 79.5100 in /home/ubuntu/github/ultron-vision/agents/cifar10_agent.py:261
[INFO] - 2020-06-04 15:27:14,047 - Agent - : TRAIN EPOCH : 12	LOSS : 0.0364	ACC : 71.0820 in /home/ubuntu/github/ultron-vision/agents/cifar10_agent.py:216
[INFO] - 2020-06-04 15:27:16,007 - Agent - : VALID EPOCH : 12	LOSS : 0.0055	ACC : 76.5500 in /home/ubuntu/github/ultron-vision/agents/cifar10_agent.py:261
[INFO] - 2020-06-04 15:27:43,131 - Agent - : TRAIN EPOCH : 13	LOSS : 0.0356	ACC : 71.9880 in /home/ubuntu/github/ultron-vision/agents/cifar10_agent.py:216
[INFO] - 2020-06-04 15:27:54,233 - Agent - : Saved Best Model in /home/ubuntu/github/ultron-vision/agents/cifar10_agent.py:255
[INFO] - 2020-06-04 15:27:54,234 - Agent - : VALID EPOCH : 13	LOSS : 0.0045	ACC : 81.1400 in /home/ubuntu/github/ultron-vision/agents/cifar10_agent.py:261
[INFO] - 2020-06-04 15:28:21,401 - Agent - : TRAIN EPOCH : 14	LOSS : 0.0353	ACC : 72.6100 in /home/ubuntu/github/ultron-vision/agents/cifar10_agent.py:216
[INFO] - 2020-06-04 15:28:33,199 - Agent - : Saved Best Model in /home/ubuntu/github/ultron-vision/agents/cifar10_agent.py:255
[INFO] - 2020-06-04 15:28:33,199 - Agent - : VALID EPOCH : 14	LOSS : 0.0043	ACC : 81.9100 in /home/ubuntu/github/ultron-vision/agents/cifar10_agent.py:261
[INFO] - 2020-06-04 15:29:00,961 - Agent - : TRAIN EPOCH : 15	LOSS : 0.0347	ACC : 72.9740 in /home/ubuntu/github/ultron-vision/agents/cifar10_agent.py:216
[INFO] - 2020-06-04 15:29:02,911 - Agent - : VALID EPOCH : 15	LOSS : 0.0052	ACC : 78.8600 in /home/ubuntu/github/ultron-vision/agents/cifar10_agent.py:261
[INFO] - 2020-06-04 15:29:30,452 - Agent - : TRAIN EPOCH : 16	LOSS : 0.0340	ACC : 74.2960 in /home/ubuntu/github/ultron-vision/agents/cifar10_agent.py:216
[INFO] - 2020-06-04 15:29:42,885 - Agent - : Saved Best Model in /home/ubuntu/github/ultron-vision/agents/cifar10_agent.py:255
[INFO] - 2020-06-04 15:29:42,886 - Agent - : VALID EPOCH : 16	LOSS : 0.0040	ACC : 82.5900 in /home/ubuntu/github/ultron-vision/agents/cifar10_agent.py:261
[INFO] - 2020-06-04 15:30:10,073 - Agent - : TRAIN EPOCH : 17	LOSS : 0.0337	ACC : 73.9900 in /home/ubuntu/github/ultron-vision/agents/cifar10_agent.py:216
[INFO] - 2020-06-04 15:30:12,004 - Agent - : VALID EPOCH : 17	LOSS : 0.0048	ACC : 79.4100 in /home/ubuntu/github/ultron-vision/agents/cifar10_agent.py:261
[INFO] - 2020-06-04 15:30:39,143 - Agent - : TRAIN EPOCH : 18	LOSS : 0.0334	ACC : 74.5220 in /home/ubuntu/github/ultron-vision/agents/cifar10_agent.py:216
[INFO] - 2020-06-04 15:30:41,139 - Agent - : VALID EPOCH : 18	LOSS : 0.0046	ACC : 81.0800 in /home/ubuntu/github/ultron-vision/agents/cifar10_agent.py:261
[INFO] - 2020-06-04 15:31:08,845 - Agent - : TRAIN EPOCH : 19	LOSS : 0.0329	ACC : 75.1420 in /home/ubuntu/github/ultron-vision/agents/cifar10_agent.py:216
[INFO] - 2020-06-04 15:31:23,501 - Agent - : Saved Best Model in /home/ubuntu/github/ultron-vision/agents/cifar10_agent.py:255
[INFO] - 2020-06-04 15:31:23,502 - Agent - : VALID EPOCH : 19	LOSS : 0.0041	ACC : 82.6800 in /home/ubuntu/github/ultron-vision/agents/cifar10_agent.py:261
[INFO] - 2020-06-04 15:31:51,320 - Agent - : TRAIN EPOCH : 20	LOSS : 0.0324	ACC : 75.7840 in /home/ubuntu/github/ultron-vision/agents/cifar10_agent.py:216
[INFO] - 2020-06-04 15:32:06,007 - Agent - : Saved Best Model in /home/ubuntu/github/ultron-vision/agents/cifar10_agent.py:255
[INFO] - 2020-06-04 15:32:06,008 - Agent - : VALID EPOCH : 20	LOSS : 0.0041	ACC : 83.1900 in /home/ubuntu/github/ultron-vision/agents/cifar10_agent.py:261
[INFO] - 2020-06-04 15:32:33,561 - Agent - : TRAIN EPOCH : 21	LOSS : 0.0321	ACC : 76.0760 in /home/ubuntu/github/ultron-vision/agents/cifar10_agent.py:216
[INFO] - 2020-06-04 15:32:48,671 - Agent - : Saved Best Model in /home/ubuntu/github/ultron-vision/agents/cifar10_agent.py:255
[INFO] - 2020-06-04 15:32:48,672 - Agent - : VALID EPOCH : 21	LOSS : 0.0037	ACC : 84.5700 in /home/ubuntu/github/ultron-vision/agents/cifar10_agent.py:261
[INFO] - 2020-06-04 15:33:16,494 - Agent - : TRAIN EPOCH : 22	LOSS : 0.0323	ACC : 76.0080 in /home/ubuntu/github/ultron-vision/agents/cifar10_agent.py:216
[INFO] - 2020-06-04 15:33:18,448 - Agent - : VALID EPOCH : 22	LOSS : 0.0041	ACC : 83.1400 in /home/ubuntu/github/ultron-vision/agents/cifar10_agent.py:261
[INFO] - 2020-06-04 15:33:45,411 - Agent - : TRAIN EPOCH : 23	LOSS : 0.0313	ACC : 77.0920 in /home/ubuntu/github/ultron-vision/agents/cifar10_agent.py:216
[INFO] - 2020-06-04 15:33:47,326 - Agent - : VALID EPOCH : 23	LOSS : 0.0049	ACC : 80.9900 in /home/ubuntu/github/ultron-vision/agents/cifar10_agent.py:261
[INFO] - 2020-06-04 15:34:14,587 - Agent - : TRAIN EPOCH : 24	LOSS : 0.0314	ACC : 76.7120 in /home/ubuntu/github/ultron-vision/agents/cifar10_agent.py:216
[INFO] - 2020-06-04 15:34:16,444 - Agent - : VALID EPOCH : 24	LOSS : 0.0043	ACC : 82.7300 in /home/ubuntu/github/ultron-vision/agents/cifar10_agent.py:261
[INFO] - 2020-06-04 15:34:43,652 - Agent - : TRAIN EPOCH : 25	LOSS : 0.0310	ACC : 77.5360 in /home/ubuntu/github/ultron-vision/agents/cifar10_agent.py:216
[INFO] - 2020-06-04 15:34:45,567 - Agent - : VALID EPOCH : 25	LOSS : 0.0040	ACC : 82.7900 in /home/ubuntu/github/ultron-vision/agents/cifar10_agent.py:261
[INFO] - 2020-06-04 15:35:13,255 - Agent - : TRAIN EPOCH : 26	LOSS : 0.0308	ACC : 77.5900 in /home/ubuntu/github/ultron-vision/agents/cifar10_agent.py:216
[INFO] - 2020-06-04 15:35:29,457 - Agent - : Saved Best Model in /home/ubuntu/github/ultron-vision/agents/cifar10_agent.py:255
[INFO] - 2020-06-04 15:35:29,458 - Agent - : VALID EPOCH : 26	LOSS : 0.0035	ACC : 85.3600 in /home/ubuntu/github/ultron-vision/agents/cifar10_agent.py:261
[INFO] - 2020-06-04 15:35:56,845 - Agent - : TRAIN EPOCH : 27	LOSS : 0.0308	ACC : 77.8080 in /home/ubuntu/github/ultron-vision/agents/cifar10_agent.py:216
[INFO] - 2020-06-04 15:35:58,767 - Agent - : VALID EPOCH : 27	LOSS : 0.0049	ACC : 81.3400 in /home/ubuntu/github/ultron-vision/agents/cifar10_agent.py:261
[INFO] - 2020-06-04 15:36:25,780 - Agent - : TRAIN EPOCH : 28	LOSS : 0.0300	ACC : 78.4580 in /home/ubuntu/github/ultron-vision/agents/cifar10_agent.py:216
[INFO] - 2020-06-04 15:36:27,690 - Agent - : VALID EPOCH : 28	LOSS : 0.0040	ACC : 84.3300 in /home/ubuntu/github/ultron-vision/agents/cifar10_agent.py:261
[INFO] - 2020-06-04 15:36:54,995 - Agent - : TRAIN EPOCH : 29	LOSS : 0.0302	ACC : 78.2600 in /home/ubuntu/github/ultron-vision/agents/cifar10_agent.py:216
[INFO] - 2020-06-04 15:37:13,290 - Agent - : Saved Best Model in /home/ubuntu/github/ultron-vision/agents/cifar10_agent.py:255
[INFO] - 2020-06-04 15:37:13,291 - Agent - : VALID EPOCH : 29	LOSS : 0.0034	ACC : 85.6900 in /home/ubuntu/github/ultron-vision/agents/cifar10_agent.py:261
[INFO] - 2020-06-04 15:37:40,895 - Agent - : TRAIN EPOCH : 30	LOSS : 0.0297	ACC : 78.7220 in /home/ubuntu/github/ultron-vision/agents/cifar10_agent.py:216
[INFO] - 2020-06-04 15:37:42,764 - Agent - : VALID EPOCH : 30	LOSS : 0.0043	ACC : 82.5400 in /home/ubuntu/github/ultron-vision/agents/cifar10_agent.py:261
[INFO] - 2020-06-04 15:38:09,948 - Agent - : TRAIN EPOCH : 31	LOSS : 0.0294	ACC : 79.0080 in /home/ubuntu/github/ultron-vision/agents/cifar10_agent.py:216
[INFO] - 2020-06-04 15:38:30,049 - Agent - : Saved Best Model in /home/ubuntu/github/ultron-vision/agents/cifar10_agent.py:255
[INFO] - 2020-06-04 15:38:30,050 - Agent - : VALID EPOCH : 31	LOSS : 0.0033	ACC : 86.4000 in /home/ubuntu/github/ultron-vision/agents/cifar10_agent.py:261
[INFO] - 2020-06-04 15:38:57,649 - Agent - : TRAIN EPOCH : 32	LOSS : 0.0292	ACC : 79.4040 in /home/ubuntu/github/ultron-vision/agents/cifar10_agent.py:216
[INFO] - 2020-06-04 15:38:59,500 - Agent - : VALID EPOCH : 32	LOSS : 0.0040	ACC : 84.4500 in /home/ubuntu/github/ultron-vision/agents/cifar10_agent.py:261
[INFO] - 2020-06-04 15:39:26,895 - Agent - : TRAIN EPOCH : 33	LOSS : 0.0292	ACC : 79.4820 in /home/ubuntu/github/ultron-vision/agents/cifar10_agent.py:216
[INFO] - 2020-06-04 15:39:28,770 - Agent - : VALID EPOCH : 33	LOSS : 0.0033	ACC : 86.0900 in /home/ubuntu/github/ultron-vision/agents/cifar10_agent.py:261
[INFO] - 2020-06-04 15:39:56,330 - Agent - : TRAIN EPOCH : 34	LOSS : 0.0290	ACC : 79.6540 in /home/ubuntu/github/ultron-vision/agents/cifar10_agent.py:216
[INFO] - 2020-06-04 15:40:17,966 - Agent - : Saved Best Model in /home/ubuntu/github/ultron-vision/agents/cifar10_agent.py:255
[INFO] - 2020-06-04 15:40:17,967 - Agent - : VALID EPOCH : 34	LOSS : 0.0031	ACC : 87.0900 in /home/ubuntu/github/ultron-vision/agents/cifar10_agent.py:261
[INFO] - 2020-06-04 15:40:45,609 - Agent - : TRAIN EPOCH : 35	LOSS : 0.0267	ACC : 82.1700 in /home/ubuntu/github/ultron-vision/agents/cifar10_agent.py:216
[INFO] - 2020-06-04 15:41:07,947 - Agent - : Saved Best Model in /home/ubuntu/github/ultron-vision/agents/cifar10_agent.py:255
[INFO] - 2020-06-04 15:41:07,948 - Agent - : VALID EPOCH : 35	LOSS : 0.0026	ACC : 89.0800 in /home/ubuntu/github/ultron-vision/agents/cifar10_agent.py:261
[INFO] - 2020-06-04 15:41:35,756 - Agent - : TRAIN EPOCH : 36	LOSS : 0.0262	ACC : 82.9300 in /home/ubuntu/github/ultron-vision/agents/cifar10_agent.py:216
[INFO] - 2020-06-04 15:41:55,257 - Agent - : Saved Best Model in /home/ubuntu/github/ultron-vision/agents/cifar10_agent.py:255
[INFO] - 2020-06-04 15:41:55,258 - Agent - : VALID EPOCH : 36	LOSS : 0.0025	ACC : 89.2400 in /home/ubuntu/github/ultron-vision/agents/cifar10_agent.py:261
[INFO] - 2020-06-04 15:42:22,786 - Agent - : TRAIN EPOCH : 37	LOSS : 0.0259	ACC : 83.2780 in /home/ubuntu/github/ultron-vision/agents/cifar10_agent.py:216
[INFO] - 2020-06-04 15:42:41,801 - Agent - : Saved Best Model in /home/ubuntu/github/ultron-vision/agents/cifar10_agent.py:255
[INFO] - 2020-06-04 15:42:41,802 - Agent - : VALID EPOCH : 37	LOSS : 0.0025	ACC : 89.3700 in /home/ubuntu/github/ultron-vision/agents/cifar10_agent.py:261
[INFO] - 2020-06-04 15:43:09,039 - Agent - : TRAIN EPOCH : 38	LOSS : 0.0257	ACC : 83.3480 in /home/ubuntu/github/ultron-vision/agents/cifar10_agent.py:216
[INFO] - 2020-06-04 15:43:29,607 - Agent - : Saved Best Model in /home/ubuntu/github/ultron-vision/agents/cifar10_agent.py:255
[INFO] - 2020-06-04 15:43:29,608 - Agent - : VALID EPOCH : 38	LOSS : 0.0025	ACC : 89.4600 in /home/ubuntu/github/ultron-vision/agents/cifar10_agent.py:261
[INFO] - 2020-06-04 15:43:56,789 - Agent - : TRAIN EPOCH : 39	LOSS : 0.0257	ACC : 83.3800 in /home/ubuntu/github/ultron-vision/agents/cifar10_agent.py:216
[INFO] - 2020-06-04 15:43:58,602 - Agent - : VALID EPOCH : 39	LOSS : 0.0026	ACC : 89.3200 in /home/ubuntu/github/ultron-vision/agents/cifar10_agent.py:261
[INFO] - 2020-06-04 15:44:26,670 - Agent - : TRAIN EPOCH : 40	LOSS : 0.0257	ACC : 83.3440 in /home/ubuntu/github/ultron-vision/agents/cifar10_agent.py:216
[INFO] - 2020-06-04 15:44:28,505 - Agent - : VALID EPOCH : 40	LOSS : 0.0026	ACC : 89.2300 in /home/ubuntu/github/ultron-vision/agents/cifar10_agent.py:261
[INFO] - 2020-06-04 15:44:55,538 - Agent - : TRAIN EPOCH : 41	LOSS : 0.0253	ACC : 84.0340 in /home/ubuntu/github/ultron-vision/agents/cifar10_agent.py:216
[INFO] - 2020-06-04 15:44:57,422 - Agent - : VALID EPOCH : 41	LOSS : 0.0026	ACC : 89.3400 in /home/ubuntu/github/ultron-vision/agents/cifar10_agent.py:261
[INFO] - 2020-06-04 15:45:24,896 - Agent - : TRAIN EPOCH : 42	LOSS : 0.0253	ACC : 83.5980 in /home/ubuntu/github/ultron-vision/agents/cifar10_agent.py:216
[INFO] - 2020-06-04 15:45:45,853 - Agent - : Saved Best Model in /home/ubuntu/github/ultron-vision/agents/cifar10_agent.py:255
[INFO] - 2020-06-04 15:45:45,854 - Agent - : VALID EPOCH : 42	LOSS : 0.0025	ACC : 89.4700 in /home/ubuntu/github/ultron-vision/agents/cifar10_agent.py:261
[INFO] - 2020-06-04 15:46:14,063 - Agent - : TRAIN EPOCH : 43	LOSS : 0.0254	ACC : 83.7460 in /home/ubuntu/github/ultron-vision/agents/cifar10_agent.py:216
[INFO] - 2020-06-04 15:46:35,332 - Agent - : Saved Best Model in /home/ubuntu/github/ultron-vision/agents/cifar10_agent.py:255
[INFO] - 2020-06-04 15:46:35,333 - Agent - : VALID EPOCH : 43	LOSS : 0.0025	ACC : 89.8400 in /home/ubuntu/github/ultron-vision/agents/cifar10_agent.py:261
[INFO] - 2020-06-04 15:47:03,059 - Agent - : TRAIN EPOCH : 44	LOSS : 0.0253	ACC : 83.7320 in /home/ubuntu/github/ultron-vision/agents/cifar10_agent.py:216
[INFO] - 2020-06-04 15:47:04,850 - Agent - : VALID EPOCH : 44	LOSS : 0.0026	ACC : 89.3000 in /home/ubuntu/github/ultron-vision/agents/cifar10_agent.py:261
[INFO] - 2020-06-04 15:47:31,980 - Agent - : TRAIN EPOCH : 45	LOSS : 0.0253	ACC : 83.8820 in /home/ubuntu/github/ultron-vision/agents/cifar10_agent.py:216
[INFO] - 2020-06-04 15:47:33,826 - Agent - : VALID EPOCH : 45	LOSS : 0.0025	ACC : 89.6200 in /home/ubuntu/github/ultron-vision/agents/cifar10_agent.py:261
[INFO] - 2020-06-04 15:48:01,557 - Agent - : TRAIN EPOCH : 46	LOSS : 0.0251	ACC : 83.9840 in /home/ubuntu/github/ultron-vision/agents/cifar10_agent.py:216
[INFO] - 2020-06-04 15:48:03,458 - Agent - : VALID EPOCH : 46	LOSS : 0.0025	ACC : 89.4700 in /home/ubuntu/github/ultron-vision/agents/cifar10_agent.py:261
[INFO] - 2020-06-04 15:48:31,011 - Agent - : TRAIN EPOCH : 47	LOSS : 0.0252	ACC : 84.0240 in /home/ubuntu/github/ultron-vision/agents/cifar10_agent.py:216
[INFO] - 2020-06-04 15:48:32,843 - Agent - : VALID EPOCH : 47	LOSS : 0.0025	ACC : 89.7600 in /home/ubuntu/github/ultron-vision/agents/cifar10_agent.py:261
[INFO] - 2020-06-04 15:49:00,546 - Agent - : TRAIN EPOCH : 48	LOSS : 0.0249	ACC : 84.4220 in /home/ubuntu/github/ultron-vision/agents/cifar10_agent.py:216
[INFO] - 2020-06-04 15:49:02,366 - Agent - : VALID EPOCH : 48	LOSS : 0.0024	ACC : 89.7700 in /home/ubuntu/github/ultron-vision/agents/cifar10_agent.py:261
[INFO] - 2020-06-04 15:49:29,695 - Agent - : TRAIN EPOCH : 49	LOSS : 0.0249	ACC : 84.1340 in /home/ubuntu/github/ultron-vision/agents/cifar10_agent.py:216
[INFO] - 2020-06-04 15:49:31,533 - Agent - : VALID EPOCH : 49	LOSS : 0.0025	ACC : 89.8400 in /home/ubuntu/github/ultron-vision/agents/cifar10_agent.py:261
[INFO] - 2020-06-04 15:49:32,751 - Agent - : Please wait while finalizing the operations.. Thank you in /home/ubuntu/github/ultron-vision/agents/cifar10_agent.py:268
[INFO] - 2020-06-04 15:49:32,753 - Agent - : INFERENCE MODE ACTIVATED!!! in /home/ubuntu/github/ultron-vision/inference/cifar_iagent.py:34
[INFO] - 2020-06-04 15:49:34,730 - Agent - : Program will RUN on ****GPU-CUDA**** in /home/ubuntu/github/ultron-vision/inference/cifar_iagent.py:62
[INFO] - 2020-06-04 15:49:47,118 - Agent - : Accuracy Graph saved. in /home/ubuntu/github/ultron-vision/inference/cifar_iagent.py:132
[INFO] - 2020-06-04 15:49:47,359 - Agent - : Loss Graph saved. in /home/ubuntu/github/ultron-vision/inference/cifar_iagent.py:156
[INFO] - 2020-06-04 15:49:47,359 - Agent - : Plotting and interpreting misclassified images. Please wait, I'm finalizing images. in /home/ubuntu/github/ultron-vision/inference/cifar_iagent.py:163
[INFO] - 2020-06-04 15:49:57,325 - Agent - : Misclassified Images saved. in /home/ubuntu/github/ultron-vision/inference/cifar_iagent.py:187
