[INFO] - 2020-06-02 15:54:34,946 - root - : Hi, This is Ultron. Nice to meet you!!! in /home/ubuntu/github/ultron-vision/utils/config.py:97
[INFO] - 2020-06-02 15:54:34,946 - root - : Saving Configuration in /home/ubuntu/github/ultron-vision/utils/config.py:98
[INFO] - 2020-06-02 15:54:34,947 - root - : Configurations are successfully processed and dirs are created. in /home/ubuntu/github/ultron-vision/utils/config.py:101
[INFO] - 2020-06-02 15:54:34,947 - root - : The pipeline of the project will begin now. in /home/ubuntu/github/ultron-vision/utils/config.py:102
[INFO] - 2020-06-02 15:54:34,947 - Agent - : TRAINING MODE ACTIVATED in /home/ubuntu/github/ultron-vision/agents/cifar10_agent.py:30
[INFO] - 2020-06-02 15:54:39,370 - Agent - : Program will RUN on ****GPU-CUDA****
 in /home/ubuntu/github/ultron-vision/agents/cifar10_agent.py:92
[INFO] - 2020-06-02 15:54:39,371 - Cuda Statistics - : __Python VERSION : 3.7.6 (default, Jan  8 2020, 19:59:22) 
[GCC 7.3.0] in /home/ubuntu/github/ultron-vision/utils/misc.py:71
[INFO] - 2020-06-02 15:54:39,371 - Cuda Statistics - : __pytorch VERSION : 1.5.0 in /home/ubuntu/github/ultron-vision/utils/misc.py:72
[INFO] - 2020-06-02 15:54:39,371 - Cuda Statistics - : __CUDNN VERSION : 7605 in /home/ubuntu/github/ultron-vision/utils/misc.py:75
[INFO] - 2020-06-02 15:54:39,371 - Cuda Statistics - : __Number CUDA Devices : 1 in /home/ubuntu/github/ultron-vision/utils/misc.py:76
[INFO] - 2020-06-02 15:54:39,371 - Cuda Statistics - : __Devices in /home/ubuntu/github/ultron-vision/utils/misc.py:77
[INFO] - 2020-06-02 15:54:39,428 - Cuda Statistics - : Active CUDA Device : GPU 0 in /home/ubuntu/github/ultron-vision/utils/misc.py:79
[INFO] - 2020-06-02 15:54:39,428 - Cuda Statistics - : Available devices 1 in /home/ubuntu/github/ultron-vision/utils/misc.py:80
[INFO] - 2020-06-02 15:54:39,428 - Cuda Statistics - : Current CUDA device 0 in /home/ubuntu/github/ultron-vision/utils/misc.py:81
[INFO] - 2020-06-02 15:55:18,307 - Agent - : TRAIN EPOCH : 0	LOSS : 0.1963	ACC : 30.3680 in /home/ubuntu/github/ultron-vision/agents/cifar10_agent.py:216
[INFO] - 2020-06-02 15:55:21,271 - Agent - : Saved Best Model in /home/ubuntu/github/ultron-vision/agents/cifar10_agent.py:255
[INFO] - 2020-06-02 15:55:21,271 - Agent - : VALID EPOCH : 0	LOSS : 0.0240	ACC : 44.7700 in /home/ubuntu/github/ultron-vision/agents/cifar10_agent.py:261
[INFO] - 2020-06-02 15:55:59,994 - Agent - : TRAIN EPOCH : 1	LOSS : 0.1757	ACC : 40.9560 in /home/ubuntu/github/ultron-vision/agents/cifar10_agent.py:216
[INFO] - 2020-06-02 15:56:03,697 - Agent - : Saved Best Model in /home/ubuntu/github/ultron-vision/agents/cifar10_agent.py:255
[INFO] - 2020-06-02 15:56:03,697 - Agent - : VALID EPOCH : 1	LOSS : 0.0215	ACC : 50.6500 in /home/ubuntu/github/ultron-vision/agents/cifar10_agent.py:261
[INFO] - 2020-06-02 15:56:42,155 - Agent - : TRAIN EPOCH : 2	LOSS : 0.1624	ACC : 47.3560 in /home/ubuntu/github/ultron-vision/agents/cifar10_agent.py:216
[INFO] - 2020-06-02 15:56:46,839 - Agent - : Saved Best Model in /home/ubuntu/github/ultron-vision/agents/cifar10_agent.py:255
[INFO] - 2020-06-02 15:56:46,839 - Agent - : VALID EPOCH : 2	LOSS : 0.0215	ACC : 53.6700 in /home/ubuntu/github/ultron-vision/agents/cifar10_agent.py:261
[INFO] - 2020-06-02 15:57:24,747 - Agent - : TRAIN EPOCH : 3	LOSS : 0.1521	ACC : 51.8180 in /home/ubuntu/github/ultron-vision/agents/cifar10_agent.py:216
[INFO] - 2020-06-02 15:57:30,651 - Agent - : Saved Best Model in /home/ubuntu/github/ultron-vision/agents/cifar10_agent.py:255
[INFO] - 2020-06-02 15:57:30,651 - Agent - : VALID EPOCH : 3	LOSS : 0.0172	ACC : 61.9700 in /home/ubuntu/github/ultron-vision/agents/cifar10_agent.py:261
[INFO] - 2020-06-02 15:58:08,419 - Agent - : TRAIN EPOCH : 4	LOSS : 0.1435	ACC : 55.3700 in /home/ubuntu/github/ultron-vision/agents/cifar10_agent.py:216
[INFO] - 2020-06-02 15:58:14,404 - Agent - : Saved Best Model in /home/ubuntu/github/ultron-vision/agents/cifar10_agent.py:255
[INFO] - 2020-06-02 15:58:14,404 - Agent - : VALID EPOCH : 4	LOSS : 0.0150	ACC : 67.0400 in /home/ubuntu/github/ultron-vision/agents/cifar10_agent.py:261
[INFO] - 2020-06-02 15:58:52,777 - Agent - : TRAIN EPOCH : 5	LOSS : 0.1362	ACC : 58.4520 in /home/ubuntu/github/ultron-vision/agents/cifar10_agent.py:216
[INFO] - 2020-06-02 15:58:59,396 - Agent - : Saved Best Model in /home/ubuntu/github/ultron-vision/agents/cifar10_agent.py:255
[INFO] - 2020-06-02 15:58:59,397 - Agent - : VALID EPOCH : 5	LOSS : 0.0140	ACC : 68.6800 in /home/ubuntu/github/ultron-vision/agents/cifar10_agent.py:261
[INFO] - 2020-06-02 15:59:37,542 - Agent - : TRAIN EPOCH : 6	LOSS : 0.1301	ACC : 60.6680 in /home/ubuntu/github/ultron-vision/agents/cifar10_agent.py:216
[INFO] - 2020-06-02 15:59:39,675 - Agent - : VALID EPOCH : 6	LOSS : 0.0151	ACC : 67.8400 in /home/ubuntu/github/ultron-vision/agents/cifar10_agent.py:261
[INFO] - 2020-06-02 16:00:18,767 - Agent - : TRAIN EPOCH : 7	LOSS : 0.1249	ACC : 62.2740 in /home/ubuntu/github/ultron-vision/agents/cifar10_agent.py:216
[INFO] - 2020-06-02 16:00:27,795 - Agent - : Saved Best Model in /home/ubuntu/github/ultron-vision/agents/cifar10_agent.py:255
[INFO] - 2020-06-02 16:00:27,795 - Agent - : VALID EPOCH : 7	LOSS : 0.0130	ACC : 71.5800 in /home/ubuntu/github/ultron-vision/agents/cifar10_agent.py:261
[INFO] - 2020-06-02 16:01:07,557 - Agent - : TRAIN EPOCH : 8	LOSS : 0.1210	ACC : 63.4200 in /home/ubuntu/github/ultron-vision/agents/cifar10_agent.py:216
[INFO] - 2020-06-02 16:01:16,915 - Agent - : Saved Best Model in /home/ubuntu/github/ultron-vision/agents/cifar10_agent.py:255
[INFO] - 2020-06-02 16:01:16,916 - Agent - : VALID EPOCH : 8	LOSS : 0.0114	ACC : 74.8400 in /home/ubuntu/github/ultron-vision/agents/cifar10_agent.py:261
[INFO] - 2020-06-02 16:01:56,255 - Agent - : TRAIN EPOCH : 9	LOSS : 0.1168	ACC : 64.7360 in /home/ubuntu/github/ultron-vision/agents/cifar10_agent.py:216
[INFO] - 2020-06-02 16:01:58,417 - Agent - : VALID EPOCH : 9	LOSS : 0.0126	ACC : 72.3000 in /home/ubuntu/github/ultron-vision/agents/cifar10_agent.py:261
[INFO] - 2020-06-02 16:02:37,460 - Agent - : TRAIN EPOCH : 10	LOSS : 0.1145	ACC : 65.4480 in /home/ubuntu/github/ultron-vision/agents/cifar10_agent.py:216
[INFO] - 2020-06-02 16:02:39,605 - Agent - : VALID EPOCH : 10	LOSS : 0.0124	ACC : 72.7900 in /home/ubuntu/github/ultron-vision/agents/cifar10_agent.py:261
[INFO] - 2020-06-02 16:03:19,468 - Agent - : TRAIN EPOCH : 11	LOSS : 0.1111	ACC : 66.2440 in /home/ubuntu/github/ultron-vision/agents/cifar10_agent.py:216
[INFO] - 2020-06-02 16:03:30,987 - Agent - : Saved Best Model in /home/ubuntu/github/ultron-vision/agents/cifar10_agent.py:255
[INFO] - 2020-06-02 16:03:30,988 - Agent - : VALID EPOCH : 11	LOSS : 0.0111	ACC : 75.5200 in /home/ubuntu/github/ultron-vision/agents/cifar10_agent.py:261
[INFO] - 2020-06-02 16:04:09,933 - Agent - : TRAIN EPOCH : 12	LOSS : 0.1087	ACC : 66.9120 in /home/ubuntu/github/ultron-vision/agents/cifar10_agent.py:216
[INFO] - 2020-06-02 16:04:21,914 - Agent - : Saved Best Model in /home/ubuntu/github/ultron-vision/agents/cifar10_agent.py:255
[INFO] - 2020-06-02 16:04:21,915 - Agent - : VALID EPOCH : 12	LOSS : 0.0102	ACC : 77.4900 in /home/ubuntu/github/ultron-vision/agents/cifar10_agent.py:261
[INFO] - 2020-06-02 16:05:01,758 - Agent - : TRAIN EPOCH : 13	LOSS : 0.1068	ACC : 67.0980 in /home/ubuntu/github/ultron-vision/agents/cifar10_agent.py:216
[INFO] - 2020-06-02 16:05:03,796 - Agent - : VALID EPOCH : 13	LOSS : 0.0108	ACC : 76.9800 in /home/ubuntu/github/ultron-vision/agents/cifar10_agent.py:261
[INFO] - 2020-06-02 16:05:41,482 - Agent - : TRAIN EPOCH : 14	LOSS : 0.1046	ACC : 67.9140 in /home/ubuntu/github/ultron-vision/agents/cifar10_agent.py:216
[INFO] - 2020-06-02 16:05:43,704 - Agent - : VALID EPOCH : 14	LOSS : 0.0128	ACC : 73.4600 in /home/ubuntu/github/ultron-vision/agents/cifar10_agent.py:261
[INFO] - 2020-06-02 16:06:23,169 - Agent - : TRAIN EPOCH : 15	LOSS : 0.0934	ACC : 73.7260 in /home/ubuntu/github/ultron-vision/agents/cifar10_agent.py:216
[INFO] - 2020-06-02 16:06:36,291 - Agent - : Saved Best Model in /home/ubuntu/github/ultron-vision/agents/cifar10_agent.py:255
[INFO] - 2020-06-02 16:06:36,292 - Agent - : VALID EPOCH : 15	LOSS : 0.0071	ACC : 84.4100 in /home/ubuntu/github/ultron-vision/agents/cifar10_agent.py:261
[INFO] - 2020-06-02 16:07:15,960 - Agent - : TRAIN EPOCH : 16	LOSS : 0.0896	ACC : 75.4860 in /home/ubuntu/github/ultron-vision/agents/cifar10_agent.py:216
[INFO] - 2020-06-02 16:07:29,860 - Agent - : Saved Best Model in /home/ubuntu/github/ultron-vision/agents/cifar10_agent.py:255
[INFO] - 2020-06-02 16:07:29,860 - Agent - : VALID EPOCH : 16	LOSS : 0.0066	ACC : 85.8300 in /home/ubuntu/github/ultron-vision/agents/cifar10_agent.py:261
[INFO] - 2020-06-02 16:08:08,814 - Agent - : TRAIN EPOCH : 17	LOSS : 0.0876	ACC : 76.1080 in /home/ubuntu/github/ultron-vision/agents/cifar10_agent.py:216
[INFO] - 2020-06-02 16:08:10,838 - Agent - : VALID EPOCH : 17	LOSS : 0.0066	ACC : 85.4700 in /home/ubuntu/github/ultron-vision/agents/cifar10_agent.py:261
[INFO] - 2020-06-02 16:08:51,707 - Agent - : TRAIN EPOCH : 18	LOSS : 0.0865	ACC : 76.3180 in /home/ubuntu/github/ultron-vision/agents/cifar10_agent.py:216
[INFO] - 2020-06-02 16:09:06,847 - Agent - : Saved Best Model in /home/ubuntu/github/ultron-vision/agents/cifar10_agent.py:255
[INFO] - 2020-06-02 16:09:06,847 - Agent - : VALID EPOCH : 18	LOSS : 0.0065	ACC : 85.9500 in /home/ubuntu/github/ultron-vision/agents/cifar10_agent.py:261
[INFO] - 2020-06-02 16:09:46,831 - Agent - : TRAIN EPOCH : 19	LOSS : 0.0853	ACC : 76.8660 in /home/ubuntu/github/ultron-vision/agents/cifar10_agent.py:216
[INFO] - 2020-06-02 16:10:02,516 - Agent - : Saved Best Model in /home/ubuntu/github/ultron-vision/agents/cifar10_agent.py:255
[INFO] - 2020-06-02 16:10:02,517 - Agent - : VALID EPOCH : 19	LOSS : 0.0064	ACC : 86.2000 in /home/ubuntu/github/ultron-vision/agents/cifar10_agent.py:261
[INFO] - 2020-06-02 16:10:41,693 - Agent - : TRAIN EPOCH : 20	LOSS : 0.0842	ACC : 77.1060 in /home/ubuntu/github/ultron-vision/agents/cifar10_agent.py:216
[INFO] - 2020-06-02 16:10:43,813 - Agent - : VALID EPOCH : 20	LOSS : 0.0065	ACC : 86.1400 in /home/ubuntu/github/ultron-vision/agents/cifar10_agent.py:261
[INFO] - 2020-06-02 16:11:24,537 - Agent - : TRAIN EPOCH : 21	LOSS : 0.0829	ACC : 77.5360 in /home/ubuntu/github/ultron-vision/agents/cifar10_agent.py:216
[INFO] - 2020-06-02 16:11:26,482 - Agent - : VALID EPOCH : 21	LOSS : 0.0066	ACC : 85.9500 in /home/ubuntu/github/ultron-vision/agents/cifar10_agent.py:261
[INFO] - 2020-06-02 16:12:06,024 - Agent - : TRAIN EPOCH : 22	LOSS : 0.0821	ACC : 77.7720 in /home/ubuntu/github/ultron-vision/agents/cifar10_agent.py:216
[INFO] - 2020-06-02 16:12:08,106 - Agent - : VALID EPOCH : 22	LOSS : 0.0064	ACC : 86.1800 in /home/ubuntu/github/ultron-vision/agents/cifar10_agent.py:261
[INFO] - 2020-06-02 16:12:47,630 - Agent - : TRAIN EPOCH : 23	LOSS : 0.0812	ACC : 77.9180 in /home/ubuntu/github/ultron-vision/agents/cifar10_agent.py:216
[INFO] - 2020-06-02 16:13:05,124 - Agent - : Saved Best Model in /home/ubuntu/github/ultron-vision/agents/cifar10_agent.py:255
[INFO] - 2020-06-02 16:13:05,166 - Agent - : VALID EPOCH : 23	LOSS : 0.0061	ACC : 87.0300 in /home/ubuntu/github/ultron-vision/agents/cifar10_agent.py:261
[INFO] - 2020-06-02 16:13:44,784 - Agent - : TRAIN EPOCH : 24	LOSS : 0.0805	ACC : 78.0340 in /home/ubuntu/github/ultron-vision/agents/cifar10_agent.py:216
[INFO] - 2020-06-02 16:14:01,933 - Agent - : Saved Best Model in /home/ubuntu/github/ultron-vision/agents/cifar10_agent.py:255
[INFO] - 2020-06-02 16:14:01,933 - Agent - : VALID EPOCH : 24	LOSS : 0.0060	ACC : 87.2400 in /home/ubuntu/github/ultron-vision/agents/cifar10_agent.py:261
[INFO] - 2020-06-02 16:14:41,752 - Agent - : TRAIN EPOCH : 25	LOSS : 0.0795	ACC : 78.4600 in /home/ubuntu/github/ultron-vision/agents/cifar10_agent.py:216
[INFO] - 2020-06-02 16:14:43,737 - Agent - : VALID EPOCH : 25	LOSS : 0.0060	ACC : 86.9800 in /home/ubuntu/github/ultron-vision/agents/cifar10_agent.py:261
[INFO] - 2020-06-02 16:15:24,596 - Agent - : TRAIN EPOCH : 26	LOSS : 0.0786	ACC : 78.6260 in /home/ubuntu/github/ultron-vision/agents/cifar10_agent.py:216
[INFO] - 2020-06-02 16:15:26,691 - Agent - : VALID EPOCH : 26	LOSS : 0.0061	ACC : 86.7900 in /home/ubuntu/github/ultron-vision/agents/cifar10_agent.py:261
[INFO] - 2020-06-02 16:16:06,154 - Agent - : TRAIN EPOCH : 27	LOSS : 0.0779	ACC : 78.8800 in /home/ubuntu/github/ultron-vision/agents/cifar10_agent.py:216
[INFO] - 2020-06-02 16:16:08,101 - Agent - : VALID EPOCH : 27	LOSS : 0.0061	ACC : 86.9400 in /home/ubuntu/github/ultron-vision/agents/cifar10_agent.py:261
[INFO] - 2020-06-02 16:16:48,166 - Agent - : TRAIN EPOCH : 28	LOSS : 0.0775	ACC : 78.8620 in /home/ubuntu/github/ultron-vision/agents/cifar10_agent.py:216
[INFO] - 2020-06-02 16:16:50,153 - Agent - : VALID EPOCH : 28	LOSS : 0.0062	ACC : 86.7900 in /home/ubuntu/github/ultron-vision/agents/cifar10_agent.py:261
[INFO] - 2020-06-02 16:17:28,525 - Agent - : TRAIN EPOCH : 29	LOSS : 0.0766	ACC : 79.2240 in /home/ubuntu/github/ultron-vision/agents/cifar10_agent.py:216
[INFO] - 2020-06-02 16:17:30,471 - Agent - : VALID EPOCH : 29	LOSS : 0.0062	ACC : 87.2200 in /home/ubuntu/github/ultron-vision/agents/cifar10_agent.py:261
[INFO] - 2020-06-02 16:18:10,776 - Agent - : TRAIN EPOCH : 30	LOSS : 0.0739	ACC : 80.4620 in /home/ubuntu/github/ultron-vision/agents/cifar10_agent.py:216
[INFO] - 2020-06-02 16:18:30,894 - Agent - : Saved Best Model in /home/ubuntu/github/ultron-vision/agents/cifar10_agent.py:255
[INFO] - 2020-06-02 16:18:30,894 - Agent - : VALID EPOCH : 30	LOSS : 0.0054	ACC : 88.8900 in /home/ubuntu/github/ultron-vision/agents/cifar10_agent.py:261
[INFO] - 2020-06-02 16:19:10,752 - Agent - : TRAIN EPOCH : 31	LOSS : 0.0729	ACC : 81.3080 in /home/ubuntu/github/ultron-vision/agents/cifar10_agent.py:216
[INFO] - 2020-06-02 16:19:32,446 - Agent - : Saved Best Model in /home/ubuntu/github/ultron-vision/agents/cifar10_agent.py:255
[INFO] - 2020-06-02 16:19:32,447 - Agent - : VALID EPOCH : 31	LOSS : 0.0052	ACC : 89.1800 in /home/ubuntu/github/ultron-vision/agents/cifar10_agent.py:261
[INFO] - 2020-06-02 16:20:11,783 - Agent - : TRAIN EPOCH : 32	LOSS : 0.0725	ACC : 81.2280 in /home/ubuntu/github/ultron-vision/agents/cifar10_agent.py:216
[INFO] - 2020-06-02 16:20:13,816 - Agent - : VALID EPOCH : 32	LOSS : 0.0051	ACC : 89.0200 in /home/ubuntu/github/ultron-vision/agents/cifar10_agent.py:261
[INFO] - 2020-06-02 16:20:52,897 - Agent - : TRAIN EPOCH : 33	LOSS : 0.0723	ACC : 81.5300 in /home/ubuntu/github/ultron-vision/agents/cifar10_agent.py:216
[INFO] - 2020-06-02 16:21:14,185 - Agent - : Saved Best Model in /home/ubuntu/github/ultron-vision/agents/cifar10_agent.py:255
[INFO] - 2020-06-02 16:21:14,186 - Agent - : VALID EPOCH : 33	LOSS : 0.0051	ACC : 89.3600 in /home/ubuntu/github/ultron-vision/agents/cifar10_agent.py:261
[INFO] - 2020-06-02 16:21:54,089 - Agent - : TRAIN EPOCH : 34	LOSS : 0.0721	ACC : 81.4120 in /home/ubuntu/github/ultron-vision/agents/cifar10_agent.py:216
[INFO] - 2020-06-02 16:21:56,165 - Agent - : VALID EPOCH : 34	LOSS : 0.0051	ACC : 89.3200 in /home/ubuntu/github/ultron-vision/agents/cifar10_agent.py:261
[INFO] - 2020-06-02 16:22:36,310 - Agent - : TRAIN EPOCH : 35	LOSS : 0.0718	ACC : 81.7020 in /home/ubuntu/github/ultron-vision/agents/cifar10_agent.py:216
[INFO] - 2020-06-02 16:22:38,316 - Agent - : VALID EPOCH : 35	LOSS : 0.0053	ACC : 89.2800 in /home/ubuntu/github/ultron-vision/agents/cifar10_agent.py:261
[INFO] - 2020-06-02 16:23:16,658 - Agent - : TRAIN EPOCH : 36	LOSS : 0.0711	ACC : 81.8240 in /home/ubuntu/github/ultron-vision/agents/cifar10_agent.py:216
[INFO] - 2020-06-02 16:23:39,369 - Agent - : Saved Best Model in /home/ubuntu/github/ultron-vision/agents/cifar10_agent.py:255
[INFO] - 2020-06-02 16:23:39,370 - Agent - : VALID EPOCH : 36	LOSS : 0.0050	ACC : 89.3700 in /home/ubuntu/github/ultron-vision/agents/cifar10_agent.py:261
[INFO] - 2020-06-02 16:24:19,057 - Agent - : TRAIN EPOCH : 37	LOSS : 0.0713	ACC : 81.7000 in /home/ubuntu/github/ultron-vision/agents/cifar10_agent.py:216
[INFO] - 2020-06-02 16:24:21,023 - Agent - : VALID EPOCH : 37	LOSS : 0.0051	ACC : 89.3500 in /home/ubuntu/github/ultron-vision/agents/cifar10_agent.py:261
[INFO] - 2020-06-02 16:24:59,700 - Agent - : TRAIN EPOCH : 38	LOSS : 0.0712	ACC : 81.5960 in /home/ubuntu/github/ultron-vision/agents/cifar10_agent.py:216
[INFO] - 2020-06-02 16:25:01,778 - Agent - : VALID EPOCH : 38	LOSS : 0.0051	ACC : 89.2400 in /home/ubuntu/github/ultron-vision/agents/cifar10_agent.py:261
[INFO] - 2020-06-02 16:25:41,396 - Agent - : TRAIN EPOCH : 39	LOSS : 0.0711	ACC : 81.6420 in /home/ubuntu/github/ultron-vision/agents/cifar10_agent.py:216
[INFO] - 2020-06-02 16:25:43,378 - Agent - : VALID EPOCH : 39	LOSS : 0.0051	ACC : 89.3100 in /home/ubuntu/github/ultron-vision/agents/cifar10_agent.py:261
[INFO] - 2020-06-02 16:26:22,565 - Agent - : TRAIN EPOCH : 40	LOSS : 0.0709	ACC : 82.0460 in /home/ubuntu/github/ultron-vision/agents/cifar10_agent.py:216
[INFO] - 2020-06-02 16:26:47,672 - Agent - : Saved Best Model in /home/ubuntu/github/ultron-vision/agents/cifar10_agent.py:255
[INFO] - 2020-06-02 16:26:47,673 - Agent - : VALID EPOCH : 40	LOSS : 0.0049	ACC : 89.6100 in /home/ubuntu/github/ultron-vision/agents/cifar10_agent.py:261
[INFO] - 2020-06-02 16:27:27,492 - Agent - : TRAIN EPOCH : 41	LOSS : 0.0704	ACC : 81.8620 in /home/ubuntu/github/ultron-vision/agents/cifar10_agent.py:216
[INFO] - 2020-06-02 16:27:29,520 - Agent - : VALID EPOCH : 41	LOSS : 0.0050	ACC : 89.4500 in /home/ubuntu/github/ultron-vision/agents/cifar10_agent.py:261
[INFO] - 2020-06-02 16:28:08,029 - Agent - : TRAIN EPOCH : 42	LOSS : 0.0712	ACC : 81.6960 in /home/ubuntu/github/ultron-vision/agents/cifar10_agent.py:216
[INFO] - 2020-06-02 16:28:10,099 - Agent - : VALID EPOCH : 42	LOSS : 0.0050	ACC : 89.4100 in /home/ubuntu/github/ultron-vision/agents/cifar10_agent.py:261
[INFO] - 2020-06-02 16:28:49,836 - Agent - : TRAIN EPOCH : 43	LOSS : 0.0701	ACC : 82.1440 in /home/ubuntu/github/ultron-vision/agents/cifar10_agent.py:216
[INFO] - 2020-06-02 16:28:51,843 - Agent - : VALID EPOCH : 43	LOSS : 0.0050	ACC : 89.5900 in /home/ubuntu/github/ultron-vision/agents/cifar10_agent.py:261
[INFO] - 2020-06-02 16:29:30,593 - Agent - : TRAIN EPOCH : 44	LOSS : 0.0701	ACC : 82.2160 in /home/ubuntu/github/ultron-vision/agents/cifar10_agent.py:216
[INFO] - 2020-06-02 16:29:32,648 - Agent - : VALID EPOCH : 44	LOSS : 0.0051	ACC : 89.4200 in /home/ubuntu/github/ultron-vision/agents/cifar10_agent.py:261
[INFO] - 2020-06-02 16:30:12,142 - Agent - : TRAIN EPOCH : 45	LOSS : 0.0697	ACC : 82.3060 in /home/ubuntu/github/ultron-vision/agents/cifar10_agent.py:216
[INFO] - 2020-06-02 16:30:36,743 - Agent - : Saved Best Model in /home/ubuntu/github/ultron-vision/agents/cifar10_agent.py:255
[INFO] - 2020-06-02 16:30:36,744 - Agent - : VALID EPOCH : 45	LOSS : 0.0049	ACC : 89.6900 in /home/ubuntu/github/ultron-vision/agents/cifar10_agent.py:261
[INFO] - 2020-06-02 16:31:16,627 - Agent - : TRAIN EPOCH : 46	LOSS : 0.0698	ACC : 82.2080 in /home/ubuntu/github/ultron-vision/agents/cifar10_agent.py:216
[INFO] - 2020-06-02 16:31:41,736 - Agent - : Saved Best Model in /home/ubuntu/github/ultron-vision/agents/cifar10_agent.py:255
[INFO] - 2020-06-02 16:31:41,753 - Agent - : VALID EPOCH : 46	LOSS : 0.0050	ACC : 89.8100 in /home/ubuntu/github/ultron-vision/agents/cifar10_agent.py:261
[INFO] - 2020-06-02 16:32:21,090 - Agent - : TRAIN EPOCH : 47	LOSS : 0.0697	ACC : 82.3800 in /home/ubuntu/github/ultron-vision/agents/cifar10_agent.py:216
[INFO] - 2020-06-02 16:32:23,071 - Agent - : VALID EPOCH : 47	LOSS : 0.0050	ACC : 89.4700 in /home/ubuntu/github/ultron-vision/agents/cifar10_agent.py:261
[INFO] - 2020-06-02 16:33:02,233 - Agent - : TRAIN EPOCH : 48	LOSS : 0.0693	ACC : 82.5700 in /home/ubuntu/github/ultron-vision/agents/cifar10_agent.py:216
[INFO] - 2020-06-02 16:33:04,263 - Agent - : VALID EPOCH : 48	LOSS : 0.0049	ACC : 89.8100 in /home/ubuntu/github/ultron-vision/agents/cifar10_agent.py:261
[INFO] - 2020-06-02 16:33:43,054 - Agent - : TRAIN EPOCH : 49	LOSS : 0.0698	ACC : 82.2700 in /home/ubuntu/github/ultron-vision/agents/cifar10_agent.py:216
[INFO] - 2020-06-02 16:33:45,053 - Agent - : VALID EPOCH : 49	LOSS : 0.0050	ACC : 89.5600 in /home/ubuntu/github/ultron-vision/agents/cifar10_agent.py:261
[INFO] - 2020-06-02 16:33:46,665 - Agent - : Please wait while finalizing the operations.. Thank you in /home/ubuntu/github/ultron-vision/agents/cifar10_agent.py:268
[INFO] - 2020-06-02 16:33:46,667 - Agent - : INFERENCE MODE ACTIVATED in /home/ubuntu/github/ultron-vision/inference/cifar_iagent.py:34
[INFO] - 2020-06-02 16:33:49,115 - Agent - : Program will RUN on ****GPU-CUDA****
 in /home/ubuntu/github/ultron-vision/inference/cifar_iagent.py:62
[INFO] - 2020-06-02 16:34:06,754 - Agent - : Accuracy Graph saved. in /home/ubuntu/github/ultron-vision/inference/cifar_iagent.py:132
[INFO] - 2020-06-02 16:34:07,008 - Agent - : Loss Graph saved. in /home/ubuntu/github/ultron-vision/inference/cifar_iagent.py:156
[INFO] - 2020-06-02 16:34:34,045 - Agent - : Misclassified Images saved. in /home/ubuntu/github/ultron-vision/inference/cifar_iagent.py:182
